<?xml version="1.0" encoding="UTF-8"?>
<testng-results ignored="0" total="1" passed="1" failed="0" skipped="0">
  <reporter-output>
  </reporter-output>
  <suite started-at="2024-02-28T11:42:05 CST" name="Default suite" finished-at="2024-02-28T11:42:13 CST" duration-ms="7749">
    <groups>
    </groups>
    <test started-at="2024-02-28T11:42:05 CST" name="Default test" finished-at="2024-02-28T11:42:13 CST" duration-ms="7749">
      <class name="RequestPojoTest.NormalRequestTest">
        <test-method signature="testPostMethod()[pri:0, instance:RequestPojoTest.NormalRequestTest@4f2b503c]" started-at="2024-02-28T11:42:06 CST" name="testPostMethod" description=" Test Post Request" finished-at="2024-02-28T11:42:13 CST" duration-ms="7571" status="PASS">
          <reporter-output>
          </reporter-output>
        </test-method> <!-- testPostMethod -->
      </class> <!-- RequestPojoTest.NormalRequestTest -->
    </test> <!-- Default test -->
  </suite> <!-- Default suite -->
</testng-results>
